This is pdfTeX, Version 3.14159265-2.6-1.40.17 (MiKTeX 2.9.6100 64-bit) (preloaded format=latex 2017.1.9)  14 MAR 2017 21:01
entering extended mode
**\scrollmode

*
(Please type a command or say `\end')
*\documentclass[12pt]{article}

*\let\paperwidthsave\paperwidth\let\paperwidth\undefined\usepackage{graphicx}\l
et\paperwidth\paperwidthsave
("C:\Program Files\MiKTeX 2.9\tex\latex\base\article.cls"
Document Class: article 2014/09/29 v1.4h Standard LaTeX document class
("C:\Program Files\MiKTeX 2.9\tex\latex\base\size12.clo"
File: size12.clo 2014/09/29 v1.4h Standard LaTeX file (size option)
)
\c@part=\count79
\c@section=\count80
\c@subsection=\count81
\c@subsubsection=\count82
\c@paragraph=\count83
\c@subparagraph=\count84
\c@figure=\count85
\c@table=\count86
\abovecaptionskip=\skip41
\belowcaptionskip=\skip42
\bibindent=\dimen102
)
("C:\Program Files\MiKTeX 2.9\tex\latex\graphics\graphicx.sty"
Package: graphicx 2014/10/28 v1.0g Enhanced LaTeX Graphics (DPC,SPQR)

("C:\Program Files\MiKTeX 2.9\tex\latex\graphics\keyval.sty"
Package: keyval 2014/10/28 v1.15 key=value parser (DPC)
\KV@toks@=\toks14
)
("C:\Program Files\MiKTeX 2.9\tex\latex\graphics\graphics.sty"
Package: graphics 2016/07/10 v1.0t Standard LaTeX Graphics (DPC,SPQR)

("C:\Program Files\MiKTeX 2.9\tex\latex\graphics\trig.sty"
Package: trig 2016/01/03 v1.10 sin cos tan (DPC)
)
("C:\Program Files\MiKTeX 2.9\tex\latex\graphics-cfg\graphics.cfg"
File: graphics.cfg 2016/06/04 v1.11 sample graphics configuration
)
Package graphics Info: Driver file: dvips.def on input line 99.

("C:\Program Files\MiKTeX 2.9\tex\latex\graphics-def\dvips.def"
File: dvips.def 2016/07/10 v3.1a Driver-dependent file (DPC,SPQR)
))
\Gin@req@height=\dimen103
\Gin@req@width=\dimen104
)
*\newbox\ASYbox
\ASYbox=\box26

*\newdimen\ASYdimen
\ASYdimen=\dimen105

*\def\ASYprefix{}

*\long\def\ASYbase#1#2{\leavevmode\setbox\ASYbox=\hbox{#1}%\ASYdimen=\ht\ASYbox
%

*\setbox\ASYbox=\hbox{#2}\lower\ASYdimen\box\ASYbox}

*\usepackage{graphicx}

*\begin{document}
(texput.aux)
\openout1 = `texput.aux'.

LaTeX Font Info:    Checking defaults for OML/cmm/m/it on input line 0.
LaTeX Font Info:    ... okay on input line 0.
LaTeX Font Info:    Checking defaults for T1/cmr/m/n on input line 0.
LaTeX Font Info:    ... okay on input line 0.
LaTeX Font Info:    Checking defaults for OT1/cmr/m/n on input line 0.
LaTeX Font Info:    ... okay on input line 0.
LaTeX Font Info:    Checking defaults for OMS/cmsy/m/n on input line 0.
LaTeX Font Info:    ... okay on input line 0.
LaTeX Font Info:    Checking defaults for OMX/cmex/m/n on input line 0.
LaTeX Font Info:    ... okay on input line 0.
LaTeX Font Info:    Checking defaults for U/cmr/m/n on input line 0.
LaTeX Font Info:    ... okay on input line 0.

*\makeatletter%

*\let\ASYencoding\f@encoding%

*\let\ASYfamily\f@family%

*\let\ASYseries\f@series%

*\let\ASYshape\f@shape%

*\makeatother%

*\fontsize{22.0825}{26.499}\selectfont

LaTeX Font Warning: Font shape `OT1/cmr/m/n' in size <22.0825> not available
(Font)              size <20.74> substituted on input line 0.


*
(Please type a command or say `\end')
*\usefont{\ASYencoding}{\ASYfamily}{\ASYseries}{\ASYshape}%

*
(Please type a command or say `\end')
*\setbox\ASYbox=\hbox{$w_1$}
LaTeX Font Info:    Calculating math sizes for size <22.0825> on input line 0.

LaTeX Font Warning: Font shape `OT1/cmr/m/n' in size <15.45767> not available
(Font)              size <14.4> substituted on input line 0.


LaTeX Font Warning: Font shape `OML/cmm/m/it' in size <22.0825> not available
(Font)              size <20.74> substituted on input line 0.


LaTeX Font Warning: Font shape `OML/cmm/m/it' in size <15.45767> not available
(Font)              size <14.4> substituted on input line 0.


LaTeX Font Warning: Font shape `OMS/cmsy/m/n' in size <22.0825> not available
(Font)              size <20.74> substituted on input line 0.


LaTeX Font Warning: Font shape `OMS/cmsy/m/n' in size <15.45767> not available
(Font)              size <14.4> substituted on input line 0.

LaTeX Font Info:    External font `cmex10' loaded for size
(Font)              <22.0825> on input line 0.
LaTeX Font Info:    External font `cmex10' loaded for size
(Font)              <15.45767> on input line 0.
LaTeX Font Info:    External font `cmex10' loaded for size
(Font)              <11.04124> on input line 0.

*
(Please type a command or say `\end')
*\immediate\write16{>dim(\the\wd\ASYbox)dim}
>dim(22.06656pt)dim

*\immediate\write16{>dim(\the\ht\ASYbox)dim}
>dim(8.92973pt)dim

*\immediate\write16{>dim(\the\dp\ASYbox)dim}
>dim(3.111pt)dim

*\fontsize{22.0825}{26.499}\selectfont

*
(Please type a command or say `\end')
*\usefont{\ASYencoding}{\ASYfamily}{\ASYseries}{\ASYshape}%

*
(Please type a command or say `\end')
*\setbox\ASYbox=\hbox{$w_4$}

*
(Please type a command or say `\end')
*\immediate\write16{>dim(\the\wd\ASYbox)dim}
>dim(22.06656pt)dim

*\immediate\write16{>dim(\the\ht\ASYbox)dim}
>dim(8.92973pt)dim

*\immediate\write16{>dim(\the\dp\ASYbox)dim}
>dim(3.111pt)dim

*\fontsize{22.0825}{26.499}\selectfont

*
(Please type a command or say `\end')
*\usefont{\ASYencoding}{\ASYfamily}{\ASYseries}{\ASYshape}%

*
(Please type a command or say `\end')
*\setbox\ASYbox=\hbox{$w_3$}

*
(Please type a command or say `\end')
*\immediate\write16{>dim(\the\wd\ASYbox)dim}
>dim(22.06656pt)dim

*\immediate\write16{>dim(\the\ht\ASYbox)dim}
>dim(8.92973pt)dim

*\immediate\write16{>dim(\the\dp\ASYbox)dim}
>dim(3.111pt)dim

*\fontsize{22.0825}{26.499}\selectfont

*
(Please type a command or say `\end')
*\usefont{\ASYencoding}{\ASYfamily}{\ASYseries}{\ASYshape}%

*
(Please type a command or say `\end')
*\setbox\ASYbox=\hbox{$w_2$}

*
(Please type a command or say `\end')
*\immediate\write16{>dim(\the\wd\ASYbox)dim}
>dim(22.06656pt)dim

*\immediate\write16{>dim(\the\ht\ASYbox)dim}
>dim(8.92973pt)dim

*\immediate\write16{>dim(\the\dp\ASYbox)dim}
>dim(3.111pt)dim

*\fontsize{22.0825}{26.499}\selectfont

*
(Please type a command or say `\end')
*\usefont{\ASYencoding}{\ASYfamily}{\ASYseries}{\ASYshape}%

*
(Please type a command or say `\end')
*\setbox\ASYbox=\hbox{$7.5^\circ$}

*
(Please type a command or say `\end')
*\immediate\write16{>dim(\the\wd\ASYbox)dim}
>dim(32.3645pt)dim

*\immediate\write16{>dim(\the\ht\ASYbox)dim}
>dim(13.92639pt)dim

*\immediate\write16{>dim(\the\dp\ASYbox)dim}
>dim(0.0pt)dim

*\fontsize{22.0825}{26.499}\selectfont

*
(Please type a command or say `\end')
*\usefont{\ASYencoding}{\ASYfamily}{\ASYseries}{\ASYshape}%

*
(Please type a command or say `\end')
*\setbox\ASYbox=\hbox{$7.5^\circ$}

*
(Please type a command or say `\end')
*\immediate\write16{>dim(\the\wd\ASYbox)dim}
>dim(32.3645pt)dim

*\immediate\write16{>dim(\the\ht\ASYbox)dim}
>dim(13.92639pt)dim

*\immediate\write16{>dim(\the\dp\ASYbox)dim}
>dim(0.0pt)dim

*\fontsize{22.0825}{26.499}\selectfont

*
(Please type a command or say `\end')
*\usefont{\ASYencoding}{\ASYfamily}{\ASYseries}{\ASYshape}%

*
(Please type a command or say `\end')
*\setbox\ASYbox=\hbox{$22.5^\circ$}

*
(Please type a command or say `\end')
*\immediate\write16{>dim(\the\wd\ASYbox)dim}
>dim(41.87624pt)dim

*\immediate\write16{>dim(\the\ht\ASYbox)dim}
>dim(13.92639pt)dim

*\immediate\write16{>dim(\the\dp\ASYbox)dim}
>dim(0.0pt)dim

*\fontsize{22.0825}{26.499}\selectfont

*
(Please type a command or say `\end')
*\usefont{\ASYencoding}{\ASYfamily}{\ASYseries}{\ASYshape}%

*
(Please type a command or say `\end')
*\setbox\ASYbox=\hbox{$22.5^\circ$}

*
(Please type a command or say `\end')
*\immediate\write16{>dim(\the\wd\ASYbox)dim}
>dim(41.87624pt)dim

*\immediate\write16{>dim(\the\ht\ASYbox)dim}
>dim(13.92639pt)dim

*\immediate\write16{>dim(\the\dp\ASYbox)dim}
>dim(0.0pt)dim

*\fontsize{22.0825}{26.499}\selectfont

*
(Please type a command or say `\end')
*\usefont{\ASYencoding}{\ASYfamily}{\ASYseries}{\ASYshape}%

*
(Please type a command or say `\end')
*\setbox\ASYbox=\hbox{$x$}

*
(Please type a command or say `\end')
*\immediate\write16{>dim(\the\wd\ASYbox)dim}
>dim(11.54013pt)dim

*\immediate\write16{>dim(\the\ht\ASYbox)dim}
>dim(8.92973pt)dim

*\immediate\write16{>dim(\the\dp\ASYbox)dim}
>dim(0.0pt)dim

*\fontsize{22.0825}{26.499}\selectfont

*
(Please type a command or say `\end')
*\usefont{\ASYencoding}{\ASYfamily}{\ASYseries}{\ASYshape}%

*
(Please type a command or say `\end')
*\setbox\ASYbox=\hbox{$x$}

*
(Please type a command or say `\end')
*\immediate\write16{>dim(\the\wd\ASYbox)dim}
>dim(11.54013pt)dim

*\immediate\write16{>dim(\the\ht\ASYbox)dim}
>dim(8.92973pt)dim

*\immediate\write16{>dim(\the\dp\ASYbox)dim}
>dim(0.0pt)dim

*\fontsize{22.0825}{26.499}\selectfont

*
(Please type a command or say `\end')
*\usefont{\ASYencoding}{\ASYfamily}{\ASYseries}{\ASYshape}%

*
(Please type a command or say `\end')
*\setbox\ASYbox=\hbox{$x$}

*
(Please type a command or say `\end')
*\immediate\write16{>dim(\the\wd\ASYbox)dim}
>dim(11.54013pt)dim

*\immediate\write16{>dim(\the\ht\ASYbox)dim}
>dim(8.92973pt)dim

*\immediate\write16{>dim(\the\dp\ASYbox)dim}
>dim(0.0pt)dim

*\fontsize{22.0825}{26.499}\selectfont

*
(Please type a command or say `\end')
*\usefont{\ASYencoding}{\ASYfamily}{\ASYseries}{\ASYshape}%

*
(Please type a command or say `\end')
*\setbox\ASYbox=\hbox{$y$}

*
(Please type a command or say `\end')
*\immediate\write16{>dim(\the\wd\ASYbox)dim}
>dim(10.64594pt)dim

*\immediate\write16{>dim(\the\ht\ASYbox)dim}
>dim(8.92973pt)dim

*\immediate\write16{>dim(\the\dp\ASYbox)dim}
>dim(4.03276pt)dim

*\fontsize{22.0825}{26.499}\selectfont

*
(Please type a command or say `\end')
*\usefont{\ASYencoding}{\ASYfamily}{\ASYseries}{\ASYshape}%

*
(Please type a command or say `\end')
*\setbox\ASYbox=\hbox{$x$}

*
(Please type a command or say `\end')
*\immediate\write16{>dim(\the\wd\ASYbox)dim}
>dim(11.54013pt)dim

*\immediate\write16{>dim(\the\ht\ASYbox)dim}
>dim(8.92973pt)dim

*\immediate\write16{>dim(\the\dp\ASYbox)dim}
>dim(0.0pt)dim

*\fontsize{22.0825}{26.499}\selectfont

*
(Please type a command or say `\end')
*\usefont{\ASYencoding}{\ASYfamily}{\ASYseries}{\ASYshape}%

*
(Please type a command or say `\end')
*\setbox\ASYbox=\hbox{$x$}

*
(Please type a command or say `\end')
*\immediate\write16{>dim(\the\wd\ASYbox)dim}
>dim(11.54013pt)dim

*\immediate\write16{>dim(\the\ht\ASYbox)dim}
>dim(8.92973pt)dim

*\immediate\write16{>dim(\the\dp\ASYbox)dim}
>dim(0.0pt)dim

*\fontsize{22.0825}{26.499}\selectfont

*
(Please type a command or say `\end')
*\usefont{\ASYencoding}{\ASYfamily}{\ASYseries}{\ASYshape}%

*
(Please type a command or say `\end')
*\setbox\ASYbox=\hbox{$x$}

*
(Please type a command or say `\end')
*\immediate\write16{>dim(\the\wd\ASYbox)dim}
>dim(11.54013pt)dim

*\immediate\write16{>dim(\the\ht\ASYbox)dim}
>dim(8.92973pt)dim

*\immediate\write16{>dim(\the\dp\ASYbox)dim}
>dim(0.0pt)dim

*\fontsize{22.0825}{26.499}\selectfont

*
(Please type a command or say `\end')
*\usefont{\ASYencoding}{\ASYfamily}{\ASYseries}{\ASYshape}%

*
(Please type a command or say `\end')
*\setbox\ASYbox=\hbox{$y$}

*
(Please type a command or say `\end')
*\immediate\write16{>dim(\the\wd\ASYbox)dim}
>dim(10.64594pt)dim

*\immediate\write16{>dim(\the\ht\ASYbox)dim}
>dim(8.92973pt)dim

*\immediate\write16{>dim(\the\dp\ASYbox)dim}
>dim(4.03276pt)dim

*\fontsize{22.0825}{26.499}\selectfont

*
(Please type a command or say `\end')
*\usefont{\ASYencoding}{\ASYfamily}{\ASYseries}{\ASYshape}%

*
(Please type a command or say `\end')
*\setbox\ASYbox=\hbox{$y$}

*
(Please type a command or say `\end')
*\immediate\write16{>dim(\the\wd\ASYbox)dim}
>dim(10.64594pt)dim

*\immediate\write16{>dim(\the\ht\ASYbox)dim}
>dim(8.92973pt)dim

*\immediate\write16{>dim(\the\dp\ASYbox)dim}
>dim(4.03276pt)dim

*\fontsize{22.0825}{26.499}\selectfont

*
(Please type a command or say `\end')
*\usefont{\ASYencoding}{\ASYfamily}{\ASYseries}{\ASYshape}%

*
(Please type a command or say `\end')
*\setbox\ASYbox=\hbox{$y$}

*
(Please type a command or say `\end')
*\immediate\write16{>dim(\the\wd\ASYbox)dim}
>dim(10.64594pt)dim

*\immediate\write16{>dim(\the\ht\ASYbox)dim}
>dim(8.92973pt)dim

*\immediate\write16{>dim(\the\dp\ASYbox)dim}
>dim(4.03276pt)dim

*\fontsize{22.0825}{26.499}\selectfont

*
(Please type a command or say `\end')
*\usefont{\ASYencoding}{\ASYfamily}{\ASYseries}{\ASYshape}%

*
(Please type a command or say `\end')
*\setbox\ASYbox=\hbox{$x$}

*
(Please type a command or say `\end')
*\immediate\write16{>dim(\the\wd\ASYbox)dim}
>dim(11.54013pt)dim

*\immediate\write16{>dim(\the\ht\ASYbox)dim}
>dim(8.92973pt)dim

*\immediate\write16{>dim(\the\dp\ASYbox)dim}
>dim(0.0pt)dim

*\fontsize{22.0825}{26.499}\selectfont

*
(Please type a command or say `\end')
*\usefont{\ASYencoding}{\ASYfamily}{\ASYseries}{\ASYshape}%

*
(Please type a command or say `\end')
*\setbox\ASYbox=\hbox{$y$}

*
(Please type a command or say `\end')
*\immediate\write16{>dim(\the\wd\ASYbox)dim}
>dim(10.64594pt)dim

*\immediate\write16{>dim(\the\ht\ASYbox)dim}
>dim(8.92973pt)dim

*\immediate\write16{>dim(\the\dp\ASYbox)dim}
>dim(4.03276pt)dim

*\fontsize{22.0825}{26.499}\selectfont

*
(Please type a command or say `\end')
*\usefont{\ASYencoding}{\ASYfamily}{\ASYseries}{\ASYshape}%

*
(Please type a command or say `\end')
*\setbox\ASYbox=\hbox{$w_1$}

*
(Please type a command or say `\end')
*\immediate\write16{>dim(\the\wd\ASYbox)dim}
>dim(22.06656pt)dim

*\immediate\write16{>dim(\the\ht\ASYbox)dim}
>dim(8.92973pt)dim

*\immediate\write16{>dim(\the\dp\ASYbox)dim}
>dim(3.111pt)dim

*\setbox\ASYbox=\hbox{$w_4$}

*
(Please type a command or say `\end')
*\immediate\write16{>dim(\the\wd\ASYbox)dim}
>dim(22.06656pt)dim

*\immediate\write16{>dim(\the\ht\ASYbox)dim}
>dim(8.92973pt)dim

*\immediate\write16{>dim(\the\dp\ASYbox)dim}
>dim(3.111pt)dim

*\setbox\ASYbox=\hbox{$w_3$}

*
(Please type a command or say `\end')
*\immediate\write16{>dim(\the\wd\ASYbox)dim}
>dim(22.06656pt)dim

*\immediate\write16{>dim(\the\ht\ASYbox)dim}
>dim(8.92973pt)dim

*\immediate\write16{>dim(\the\dp\ASYbox)dim}
>dim(3.111pt)dim

*\setbox\ASYbox=\hbox{$w_2$}

*
(Please type a command or say `\end')
*\immediate\write16{>dim(\the\wd\ASYbox)dim}
>dim(22.06656pt)dim

*\immediate\write16{>dim(\the\ht\ASYbox)dim}
>dim(8.92973pt)dim

*\immediate\write16{>dim(\the\dp\ASYbox)dim}
>dim(3.111pt)dim

*\setbox\ASYbox=\hbox{$7.5^\circ$}

*
(Please type a command or say `\end')
*\immediate\write16{>dim(\the\wd\ASYbox)dim}
>dim(32.3645pt)dim

*\immediate\write16{>dim(\the\ht\ASYbox)dim}
>dim(13.92639pt)dim

*\immediate\write16{>dim(\the\dp\ASYbox)dim}
>dim(0.0pt)dim

*\setbox\ASYbox=\hbox{$7.5^\circ$}

*
(Please type a command or say `\end')
*\immediate\write16{>dim(\the\wd\ASYbox)dim}
>dim(32.3645pt)dim

*\immediate\write16{>dim(\the\ht\ASYbox)dim}
>dim(13.92639pt)dim

*\immediate\write16{>dim(\the\dp\ASYbox)dim}
>dim(0.0pt)dim

*\setbox\ASYbox=\hbox{$22.5^\circ$}

*
(Please type a command or say `\end')
*\immediate\write16{>dim(\the\wd\ASYbox)dim}
>dim(41.87624pt)dim

*\immediate\write16{>dim(\the\ht\ASYbox)dim}
>dim(13.92639pt)dim

*\immediate\write16{>dim(\the\dp\ASYbox)dim}
>dim(0.0pt)dim

*\setbox\ASYbox=\hbox{$22.5^\circ$}

*
(Please type a command or say `\end')
*\immediate\write16{>dim(\the\wd\ASYbox)dim}
>dim(41.87624pt)dim

*\immediate\write16{>dim(\the\ht\ASYbox)dim}
>dim(13.92639pt)dim

*\immediate\write16{>dim(\the\dp\ASYbox)dim}
>dim(0.0pt)dim

*\setbox\ASYbox=\hbox{$x$}

*
(Please type a command or say `\end')
*\immediate\write16{>dim(\the\wd\ASYbox)dim}
>dim(11.54013pt)dim

*\immediate\write16{>dim(\the\ht\ASYbox)dim}
>dim(8.92973pt)dim

*\immediate\write16{>dim(\the\dp\ASYbox)dim}
>dim(0.0pt)dim

*\setbox\ASYbox=\hbox{$y$}

*
(Please type a command or say `\end')
*\immediate\write16{>dim(\the\wd\ASYbox)dim}
>dim(10.64594pt)dim

*\immediate\write16{>dim(\the\ht\ASYbox)dim}
>dim(8.92973pt)dim

*\immediate\write16{>dim(\the\dp\ASYbox)dim}
>dim(4.03276pt)dim

*\fontsize{22.0825}{26.499}\selectfont

*
(Please type a command or say `\end')
*\usefont{\ASYencoding}{\ASYfamily}{\ASYseries}{\ASYshape}%

*
(Please type a command or say `\end')
*\setbox\ASYbox=\hbox{$x$}

*
(Please type a command or say `\end')
*\immediate\write16{>dim(\the\wd\ASYbox)dim}
>dim(11.54013pt)dim

*\immediate\write16{>dim(\the\ht\ASYbox)dim}
>dim(8.92973pt)dim

*\immediate\write16{>dim(\the\dp\ASYbox)dim}
>dim(0.0pt)dim

*\fontsize{22.0825}{26.499}\selectfont

*
(Please type a comma