This is pdfTeX, Version 3.14159265-2.6-1.40.17 (MiKTeX 2.9.6100 64-bit) (preloaded format=latex 2017.1.9)  23 JAN 2017 05:24
entering extended mode
**\scrollmode

*
(Please type a command or say `\end')
*\documentclass[12pt]{article}

*\let\paperwidthsave\paperwidth\let\paperwidth\undefined\usepackage{graphicx}\l
et\paperwidth\paperwidthsave
("C:\Program Files\MiKTeX 2.9\tex\latex\base\article.cls"
Document Class: article 2014/09/29 v1.4h Standard LaTeX document class
("C:\Program Files\MiKTeX 2.9\tex\latex\base\size12.clo"
File: size12.clo 2014/09/29 v1.4h Standard LaTeX file (size option)
)
\c@part=\count79
\c@section=\count80
\c@subsection=\count81
\c@subsubsection=\count82
\c@paragraph=\count83
\c@subparagraph=\count84
\c@figure=\count85
\c@table=\count86
\abovecaptionskip=\skip41
\belowcaptionskip=\skip42
\bibindent=\dimen102
)
("C:\Program Files\MiKTeX 2.9\tex\latex\graphics\graphicx.sty"
Package: graphicx 2014/10/28 v1.0g Enhanced LaTeX Graphics (DPC,SPQR)

("C:\Program Files\MiKTeX 2.9\tex\latex\graphics\keyval.sty"
Package: keyval 2014/10/28 v1.15 key=value parser (DPC)
\KV@toks@=\toks14
)
("C:\Program Files\MiKTeX 2.9\tex\latex\graphics\graphics.sty"
Package: graphics 2016/07/10 v1.0t Standard LaTeX Graphics (DPC,SPQR)

("C:\Program Files\MiKTeX 2.9\tex\latex\graphics\trig.sty"
Package: trig 2016/01/03 v1.10 sin cos tan (DPC)
)
("C:\Program Files\MiKTeX 2.9\tex\latex\graphics-cfg\graphics.cfg"
File: graphics.cfg 2016/06/04 v1.11 sample graphics configuration
)
Package graphics Info: Driver file: dvips.def on input line 99.

("C:\Program Files\MiKTeX 2.9\tex\latex\graphics-def\dvips.def"
File: dvips.def 2016/07/10 v3.1a Driver-dependent file (DPC,SPQR)
))
\Gin@req@height=\dimen103
\Gin@req@width=\dimen104
)
*\newbox\ASYbox
\ASYbox=\box26

*\newdimen\ASYdimen
\ASYdimen=\dimen105

*\def\ASYprefix{}

*\long\def\ASYbase#1#2{\leavevmode\setbox\ASYbox=\hbox{#1}%\ASYdimen=\ht\ASYbox
%

*\setbox\ASYbox=\hbox{#2}\lower\ASYdimen\box\ASYbox}

*\usepackage{graphicx}

*\begin{document}
(texput.aux)
\openout1 = `texput.aux'.

LaTeX Font Info:    Checking defaults for OML/cmm/m/it on input line 0.
LaTeX Font Info:    ... okay on input line 0.
LaTeX Font Info:    Checking defaults for T1/cmr/m/n on input line 0.
LaTeX Font Info:    ... okay on input line 0.
LaTeX Font Info:    Checking defaults for OT1/cmr/m/n on input line 0.
LaTeX Font Info:    ... okay on input line 0.
LaTeX Font Info:    Checking defaults for OMS/cmsy/m/n on input line 0.
LaTeX Font Info:    ... okay on input line 0.
LaTeX Font Info:    Checking defaults for OMX/cmex/m/n on input line 0.
LaTeX Font Info:    ... okay on input line 0.
LaTeX Font Info:    Checking defaults for U/cmr/m/n on input line 0.
LaTeX Font Info:    ... okay on input line 0.

*\makeatletter%

*\let\ASYencoding\f@encoding%

*\let\ASYfamily\f@family%

*\let\ASYseries\f@series%

*\let\ASYshape\f@shape%

*\makeatother%

*\fontsize{8.03}{9.636}\selectfont

*
(Please type a command or say `\end')
*\usefont{\ASYencoding}{\ASYfamily}{\ASYseries}{\ASYshape}%

*
(Please type a command or say `\end')
*\setbox\ASYbox=\hbox{$w$}
LaTeX Font Info:    Calculating math sizes for size <8.03> on input line 0.

LaTeX Font Warning: Font shape `OT1/cmr/m/n' in size <4.015> not available
(Font)              size <5> substituted on input line 0.


LaTeX Font Warning: Font shape `OML/cmm/m/it' in size <4.015> not available
(Font)              size <5> substituted on input line 0.


LaTeX Font Warning: Font shape `OMS/cmsy/m/n' in size <4.015> not available
(Font)              size <5> substituted on input line 0.

LaTeX Font Info:    External font `cmex10' loaded for size
(Font)              <8.03> on input line 0.
LaTeX Font Info:    External font `cmex10' loaded for size
(Font)              <5.62097> on input line 0.
LaTeX Font Info:    External font `cmex10' loaded for size
(Font)              <4.015> on input line 0.

*
(Please type a command or say `\end')
*\immediate\write16{>dim(\the\wd\ASYbox)dim}
>dim(6.3149pt)dim

*\immediate\write16{>dim(\the\ht\ASYbox)dim}
>dim(3.44444pt)dim

*\immediate\write16{>dim(\the\dp\ASYbox)dim}
>dim(0.0pt)dim

*\fontsize{8.03}{9.636}\selectfont

*
(Please type a command or say `\end')
*\usefont{\ASYencoding}{\ASYfamily}{\ASYseries}{\ASYshape}%

*
(Please type a command or say `\end')
*\setbox\ASYbox=\hbox{$\frac{w^Tx_1-20}{\|w\|_2}=-\frac{8}{\sqrt{10}}$}

*
(Please type a command or say `\end')
*\immediate\write16{>dim(\the\wd\ASYbox)dim}
>dim(68.3295pt)dim

*\immediate\write16{>dim(\the\ht\ASYbox)dim}
>dim(9.69002pt)dim

*\immediate\write16{>dim(\the\dp\ASYbox)dim}
>dim(4.90997pt)dim

*\fontsize{8.03}{9.636}\selectfont

*
(Please type a command or say `\end')
*\usefont{\ASYencoding}{\ASYfamily}{\ASYseries}{\ASYshape}%

*
(Please type a command or say `\end')
*\setbox\ASYbox=\hbox{$\frac{w^Tx_2-20}{\|w\|_2}=\frac{7}{\sqrt{10}}$}

*
(Please type a command or say `\end')
*\immediate\write16{>dim(\the\wd\ASYbox)dim}
>dim(61.71829pt)dim

*\immediate\write16{>dim(\the\ht\ASYbox)dim}
>dim(9.69002pt)dim

*\immediate\write16{>dim(\the\dp\ASYbox)dim}
>dim(4.90997pt)dim

*\fontsize{8.03}{9.636}\selectfont

*
(Please type a command or say `\end')
*\usefont{\ASYencoding}{\ASYfamily}{\ASYseries}{\ASYshape}%

*
(Please type a command or say `\end')
*\setbox\ASYbox=\hbox{$x_1$}

*
(Please type a command or say `\end')
*\immediate\write16{>dim(\the\wd\ASYbox)dim}
>dim(8.95139pt)dim

*\immediate\write16{>dim(\the\ht\ASYbox)dim}
>dim(3.44444pt)dim

*\immediate\write16{>dim(\the\dp\ASYbox)dim}
>dim(1.1111pt)dim

*\fontsize{8.03}{9.636}\selectfont

*
(Please type a command or say `\end')
*\usefont{\ASYencoding}{\ASYfamily}{\ASYseries}{\ASYshape}%

*
(Please type a command or say `\end')
*\setbox\ASYbox=\hbox{$x_2$}

*
(Please type a command or say `\end')
*\immediate\write16{>dim(\the\wd\ASYbox)dim}
>dim(8.95139pt)dim

*\immediate\write16{>dim(\the\ht\ASYbox)dim}
>dim(3.44444pt)dim

*\immediate\write16{>dim(\the\dp\ASYbox)dim}
>dim(1.1111pt)dim

*\fontsize{8.03}{9.636}\selectfont

*
(Please type a command or say `\end')
*\usefont{\ASYencoding}{\ASYfamily}{\ASYseries}{\ASYshape}%

*
(Please type a command or say `\end')
*\setbox\ASYbox=\hbox{$\|w\|_2=\sqrt{10}$}

*
(Please type a command or say `\end')
*\immediate\write16{>dim(\the\wd\ASYbox)dim}
>dim(45.89868pt)dim

*\immediate\write16{>dim(\the\ht\ASYbox)dim}
>dim(7.36777pt)dim

*\immediate\write16{>dim(\the\dp\ASYbox)dim}
>dim(2.0pt)dim

*\fontsize{8.03}{9.636}\selectfont

*
(Please type a command or say `\end')
*\usefont{\ASYencoding}{\ASYfamily}{\ASYseries}{\ASYshape}%

*
(Please type a command or say `\end')
*\setbox\ASYbox=\hbox{$w^Tv = 20$}

*
(Please type a command or say `\end')
*\immediate\write16{>dim(\the\wd\ASYbox)dim}
>dim(36.43347pt)dim

*\immediate\write16{>dim(\the\ht\ASYbox)dim}
>dim(6.92334pt)dim

*\immediate\write16{>dim(\the\dp\ASYbox)dim}
>dim(0.0pt)dim

*\fontsize{8.03}{9.636}\selectfont

*
(Please type a command or say `\end')
*\usefont{\ASYencoding}{\ASYfamily}{\ASYseries}{\ASYshape}%

*
(Please type a command or say `\end')
*\setbox\ASYbox=\hbox{$w^Tv = 12$}

*
(Please type a command or say `\end')
*\immediate\write16{>dim(\the\wd\ASYbox)dim}
>dim(36.43347pt)dim

*\immediate\write16{>dim(\the\ht\ASYbox)dim}
>dim(6.92334pt)dim

*\immediate\write16{>dim(\the\dp\ASYbox)dim}
>dim(0.0pt)dim

*\fontsize{8.03}{9.636}\selectfont

*
(Please type a command or say `\end')
*\usefont{\ASYencoding}{\ASYfamily}{\ASYseries}{\ASYshape}%

*
(Please type a command or say `\end')
*\setbox\ASYbox=\hbox{$w^Tv = 27$}

*
(Please type a command or say `\end')
*\immediate\write16{>dim(\the\wd\ASYbox)dim}
>dim(36.43347pt)dim

*\immediate\write16{>dim(\the\ht\ASYbox)dim}
>dim(6.92334pt)dim

*\immediate\write16{>dim(\the\dp\ASYbox)dim}
>dim(0.0pt)dim

*\fontsize{8.03}{9.636}\selectfont

*
(Please type a command or say `\end')
*\usefont{\ASYencoding}{\ASYfamily}{\ASYseries}{\ASYshape}%

*
(Please type a command or say `\end')
*\setbox\ASYbox=\hbox{}

*
(Please type a command or say `\end')
*\immediate\write16{>dim(\the\wd\ASYbox)dim}
>dim(0.0pt)dim

*\immediate\write16{>dim(\the\ht\ASYbox)dim}
>dim(0.0pt)dim

*\immediate\write16{>dim(\the\dp\ASYbox)dim}
>dim(0.0pt)dim

*\fontsize{8.03}{9.636}\selectfont

*
(Please type a command or say `\end')
*\usefont{\ASYencoding}{\ASYfamily}{\ASYseries}{\ASYshape}%

*
(Please type a command or say `\end')
*\setbox\ASYbox=\hbox{$w$}

*
(Please type a command or say `\end')
*\immediate\write16{>dim(\the\wd\ASYbox)dim}
>dim(6.3149pt)dim

*\immediate\write16{>dim(\the\ht\ASYbox)dim}
>dim(3.44444pt)dim

*\immediate\write16{>dim(\the\dp\ASYbox)dim}
>dim(0.0pt)dim

*\setbox\ASYbox=\hbox{$\frac{w^Tx_1-20}{\|w\|_2}=-\frac{8}{\sqrt{10}}$}

*
(Please type a command or say `\end')
*\immediate\write16{>dim(\the\wd\ASYbox)dim}
>dim(68.3295pt)dim

*\immediate\write16{>dim(\the\ht\ASYbox)dim}
>dim(9.69002pt)dim

*\immediate\write16{>dim(\the\dp\ASYbox)dim}
>dim(4.90997pt)dim

*\setbox\ASYbox=\hbox{$\frac{w^Tx_2-20}{\|w\|_2}=\frac{7}{\sqrt{10}}$}

*
(Please type a command or say `\end')
*\immediate\write16{>dim(\the\wd\ASYbox)dim}
>dim(61.71829pt)dim

*\immediate\write16{>dim(\the\ht\ASYbox)dim}
>dim(9.69002pt)dim

*\immediate\write16{>dim(\the\dp\ASYbox)dim}
>dim(4.90997pt)dim

*\setbox\ASYbox=\hbox{$x_1$}

*
(Please type a command or say `\end')
*\immediate\write16{>dim(\the\wd\ASYbox)dim}
>dim(8.95139pt)dim

*\immediate\write16{>dim(\the\ht\ASYbox)dim}
>dim(3.44444pt)dim

*\immediate\write16{>dim(\the\dp\ASYbox)dim}
>dim(1.1111pt)dim

*\setbox\ASYbox=\hbox{$x_2$}

*
(Please type a command or say `\end')
*\immediate\write16{>dim(\the\wd\ASYbox)dim}
>dim(8.95139pt)dim

*\immediate\write16{>dim(\the\ht\ASYbox)dim}
>dim(3.44444pt)dim

*\immediate\write16{>dim(\the\dp\ASYbox)dim}
>dim(1.1111pt)dim

*\setbox\ASYbox=\hbox{$\|w\|_2=\sqrt{10}$}

*
(Please type a command or say `\end')
*\immediate\write16{>dim(\the\wd\ASYbox)dim}
>dim(45.89868pt)dim

*\immediate\write16{>dim(\the\ht\ASYbox)dim}
>dim(7.36777pt)dim

*\immediate\write16{>dim(\the\dp\ASYbox)dim}
>dim(2.0pt)dim

*\setbox\ASYbox=\hbox{$w^Tv = 20$}

*
(Please type a command or say `\end')
*\immediate\write16{>dim(\the\wd\ASYbox)dim}
>dim(36.43347pt)dim

*\immediate\write16{>dim(\the\ht\ASYbox)dim}
>dim(6.92334pt)dim

*\immediate\write16{>dim(\the\dp\ASYbox)dim}
>dim(0.0pt)dim

*\setbox\ASYbox=\hbox{$w^Tv = 12$}

*
(Please type a command or say `\end')
*\immediate\write16{>dim(\the\wd\ASYbox)dim}
>dim(36.43347pt)dim

*\immediate\write16{>dim(\the\ht\ASYbox)dim}
>dim(6.92334pt)dim

*\immediate\write16{>dim(\the\dp\ASYbox)dim}
>dim(0.0pt)dim

*\setbox\ASYbox=\hbox{$w^Tv = 27$}

*
(Please type a command or say `\end')
*\immediate\write16{>dim(\the\wd\ASYbox)dim}
>dim(36.43347pt)dim

*\immediate\write16{>dim(\the\ht\ASYbox)dim}
>dim(6.92334pt)dim

*\immediate\write16{>dim(\the\dp\ASYbox)dim}
>dim(0.0pt)dim

*\fontsize{8.03}{9.636}\selectfont

*
(Please type a command or say `\end')
*\usefont{\ASYencoding}{\ASYfamily}{\ASYseries}{\ASYshape}%

*
(Please type a command or say `\end')
*\setbox\ASYbox=\hbox{$w$}

*
(Please type a command or say `\end')
*\immediate\write16{>dim(\the\wd\ASYbox)dim}
>dim(6.3149pt)dim

*\immediate\write16{>dim(\the\ht\ASYbox)dim}
>dim(3.44444pt)dim

*\immediate\write16{>dim(\the\dp\ASYbox)dim}
>dim(0.0pt)dim

*\setbox\ASYbox=\hbox{$\frac{w^Tx_1-20}{\|w\|_2}=-\frac{8}{\sqrt{10}}$}

*
(Please type a command or say `\end')
*\immediate\write16{>dim(\the\wd\ASYbox)dim}
>dim(68.3295pt)dim

*\immediate\write16{>dim(\the\ht\ASYbox)dim}
>dim(9.69002pt)dim

*\immediate\write16{>dim(\the\dp\ASYbox)dim}
>dim(4.90997pt)dim

*\setbox\ASYbox=\hbox{$\frac{w^Tx_2-20}{\|w\|_2}=\frac{7}{\sqrt{10}}$}

*
(Please type a command or say `\end')
*\immediate\write16{>dim(\the\wd\ASYbox)dim}
>dim(61.71829pt)dim

*\immediate\write16{>dim(\the\ht\ASYbox)dim}
>dim(9.69002pt)dim

*\immediate\write16{>dim(\the\dp\ASYbox)dim}
>dim(4.90997pt)dim

*\setbox\ASYbox=\hbox{$x_1$}

*
(Please type a command or say `\end')
*\immediate\write16{>dim(\the\wd\ASYbox)dim}
>dim(8.95139pt)dim

*\immediate\write16{>dim(\the\ht\ASYbox)dim}
>dim(3.44444pt)dim

*\immediate\write16{>dim(\the\dp\ASYbox)dim}
>dim(1.1111pt)dim

*\setbox\ASYbox=\hbox{$x_2$}

*
(Please type a command or say `\end')
*\immediate\write16{>dim(\the\wd\ASYbox)dim}
