This is pdfTeX, Version 3.14159265-2.6-1.40.17 (MiKTeX 2.9.6100 64-bit) (preloaded format=pdflatex 2017.1.1)  18 FEB 2017 01:58
entering extended mode
**./VarMainSol.ltx
(VarMainSol.ltx
LaTeX2e <2016/03/31> patch level 3
Babel <3.9r> and hyphenation patterns for 75 language(s) loaded.
("C:\Program Files\MiKTeX 2.9\tex\latex\base\article.cls"
Document Class: article 2014/09/29 v1.4h Standard LaTeX document class
("C:\Program Files\MiKTeX 2.9\tex\latex\base\size12.clo"
File: size12.clo 2014/09/29 v1.4h Standard LaTeX file (size option)
)
\c@part=\count79
\c@section=\count80
\c@subsection=\count81
\c@subsubsection=\count82
\c@paragraph=\count83
\c@subparagraph=\count84
\c@figure=\count85
\c@table=\count86
\abovecaptionskip=\skip41
\belowcaptionskip=\skip42
\bibindent=\dimen102
) (Macros.ltx
("C:\Program Files\MiKTeX 2.9\tex\latex\amscls\amsthm.sty"
Package: amsthm 2015/03/04 v2.20.2
\thm@style=\toks14
\thm@bodyfont=\toks15
\thm@headfont=\toks16
\thm@notefont=\toks17
\thm@headpunct=\toks18
\thm@preskip=\skip43
\thm@postskip=\skip44
\thm@headsep=\skip45
\dth@everypar=\toks19
)
("C:\Program Files\MiKTeX 2.9\tex\latex\amsfonts\amsfonts.sty"
Package: amsfonts 2013/01/14 v3.01 Basic AMSFonts support
\@emptytoks=\toks20
\symAMSa=\mathgroup4
\symAMSb=\mathgroup5
LaTeX Font Info:    Overwriting math alphabet `\mathfrak' in version `bold'
(Font)                  U/euf/m/n --> U/euf/b/n on input line 106.
)
("C:\Program Files\MiKTeX 2.9\tex\latex\amsmath\amsmath.sty"
Package: amsmath 2016/06/28 v2.15d AMS math features
\@mathmargin=\skip46

For additional information on amsmath, use the `?' option.
("C:\Program Files\MiKTeX 2.9\tex\latex\amsmath\amstext.sty"
Package: amstext 2000/06/29 v2.01 AMS text

("C:\Program Files\MiKTeX 2.9\tex\latex\amsmath\amsgen.sty"
File: amsgen.sty 1999/11/30 v2.0 generic functions
\@emptytoks=\toks21
\ex@=\dimen103
))
("C:\Program Files\MiKTeX 2.9\tex\latex\amsmath\amsbsy.sty"
Package: amsbsy 1999/11/29 v1.2d Bold Symbols
\pmbraise@=\dimen104
)
("C:\Program Files\MiKTeX 2.9\tex\latex\amsmath\amsopn.sty"
Package: amsopn 2016/03/08 v2.02 operator names
)
\inf@bad=\count87
LaTeX Info: Redefining \frac on input line 199.
\uproot@=\count88
\leftroot@=\count89
LaTeX Info: Redefining \overline on input line 297.
\classnum@=\count90
\DOTSCASE@=\count91
LaTeX Info: Redefining \ldots on input line 394.
LaTeX Info: Redefining \dots on input line 397.
LaTeX Info: Redefining \cdots on input line 518.
\Mathstrutbox@=\box26
\strutbox@=\box27
\big@size=\dimen105
LaTeX Font Info:    Redeclaring font encoding OML on input line 634.
LaTeX Font Info:    Redeclaring font encoding OMS on input line 635.
\macc@depth=\count92
\c@MaxMatrixCols=\count93
\dotsspace@=\muskip10
\c@parentequation=\count94
\dspbrk@lvl=\count95
\tag@help=\toks22
\row@=\count96
\column@=\count97
\maxfields@=\count98
\andhelp@=\toks23
\eqnshift@=\dimen106
\alignsep@=\dimen107
\tagshift@=\dimen108
\tagwidth@=\dimen109
\totwidth@=\dimen110
\lineht@=\dimen111
\@envbody=\toks24
\multlinegap=\skip47
\multlinetaggap=\skip48
\mathdisplay@stack=\toks25
LaTeX Info: Redefining \[ on input line 2739.
LaTeX Info: Redefining \] on input line 2740.
)
("C:\Program Files\MiKTeX 2.9\tex\latex\amsfonts\amssymb.sty"
Package: amssymb 2013/01/14 v3.01 AMS font symbols
)
("C:\Program Files\MiKTeX 2.9\tex\latex\preprint\fullpage.sty"
Package: fullpage 1999/02/23 1.1 (PWD)
\FP@margin=\skip49
)
("C:\Program Files\MiKTeX 2.9\tex\latex\jknappen\mathrsfs.sty"
Package: mathrsfs 1996/01/01 Math RSFS package v1.0 (jk)
\symrsfs=\mathgroup6
)
("C:\Program Files\MiKTeX 2.9\tex\generic\genmisc\kbordermatrix.sty"
Package: kbordermatrix 2011/09/21 Bordered matrix with brackets
\kbcolsep=\skip50
\kbrowsep=\skip51
\br@kwd=\skip52
\k@bordht=\skip53
)
("C:\Program Files\MiKTeX 2.9\tex\latex\oberdiek\centernot.sty"
Package: centernot 2016/05/16 v1.4 Centers the not symbol horizontally (HO)
)
("C:\Program Files\MiKTeX 2.9\tex\latex\bbm\bbm.sty"
Package: bbm 1999/03/15 V 1.2 provides fonts for set symbols - TH
LaTeX Font Info:    Overwriting math alphabet `\mathbbm' in version `bold'
(Font)                  U/bbm/m/n --> U/bbm/bx/n on input line 33.
LaTeX Font Info:    Overwriting math alphabet `\mathbbmss' in version `bold'
(Font)                  U/bbmss/m/n --> U/bbmss/bx/n on input line 35.
)
("C:\Program Files\MiKTeX 2.9\tex\latex\graphics\graphicx.sty"
Package: graphicx 2014/10/28 v1.0g Enhanced LaTeX Graphics (DPC,SPQR)

("C:\Program Files\MiKTeX 2.9\tex\latex\graphics\keyval.sty"
Package: keyval 2014/10/28 v1.15 key=value parser (DPC)
\KV@toks@=\toks26
)
("C:\Program Files\MiKTeX 2.9\tex\latex\graphics\graphics.sty"
Package: graphics 2016/07/10 v1.0t Standard LaTeX Graphics (DPC,SPQR)

("C:\Program Files\MiKTeX 2.9\tex\latex\graphics\trig.sty"
Package: trig 2016/01/03 v1.10 sin cos tan (DPC)
)
("C:\Program Files\MiKTeX 2.9\tex\latex\graphics-cfg\graphics.cfg"
File: graphics.cfg 2016/06/04 v1.11 sample graphics configuration
)
Package graphics Info: Driver file: pdftex.def on input line 99.

("C:\Program Files\MiKTeX 2.9\tex\latex\graphics-def\pdftex.def"
File: pdftex.def 2016/07/10 v0.06j Graphics/color for pdfTeX

("C:\Program Files\MiKTeX 2.9\tex\generic\oberdiek\infwarerr.sty"
Package: infwarerr 2016/05/16 v1.4 Providing info/warning/error messages (HO)
)
("C:\Program Files\MiKTeX 2.9\tex\generic\oberdiek\ltxcmds.sty"
Package: ltxcmds 2016/05/16 v1.23 LaTeX kernel commands for general use (HO)
)
\Gread@gobject=\count99
))
\Gin@req@height=\dimen112
\Gin@req@width=\dimen113
)
("C:\Program Files\MiKTeX 2.9\tex\latex\matlab-prettifier\matlab-prettifier.sty
"
Package: matlab-prettifier 2014/06/19 v0.3 A package for prettyprinting Matlab 
source code
 ("C:\Program Files\MiKTeX 2.9\tex\latex\base\textcomp.sty"
Package: textcomp 2016/06/19 v1.99m Standard LaTeX package
Package textcomp Info: Sub-encoding information:
(textcomp)               5 = only ISO-Adobe without \textcurrency
(textcomp)               4 = 5 + \texteuro
(textcomp)               3 = 4 + \textohm
(textcomp)               2 = 3 + \textestimated + \textcurrency
(textcomp)               1 = TS1 - \textcircled - \t
(textcomp)               0 = TS1 (full)
(textcomp)             Font families with sub-encoding setting implement
(textcomp)             only a restricted character set as indicated.
(textcomp)             Family '?' is the default used for unknown fonts.
(textcomp)             See the documentation for details.
Package textcomp Info: Setting ? sub-encoding to TS1/1 on input line 79.

("C:\Program Files\MiKTeX 2.9\tex\latex\base\ts1enc.def"
File: ts1enc.def 2001/06/05 v3.0e (jk/car/fm) Standard LaTeX file
)
LaTeX Info: Redefining \oldstylenums on input line 334.
Package textcomp Info: Setting cmr sub-encoding to TS1/0 on input line 349.
Package textcomp Info: Setting cmss sub-encoding to TS1/0 on input line 350.
Package textcomp Info: Setting cmtt sub-encoding to TS1/0 on input line 351.
Package textcomp Info: Setting cmvtt sub-encoding to TS1/0 on input line 352.
Package textcomp Info: Setting cmbr sub-encoding to TS1/0 on input line 353.
Package textcomp Info: Setting cmtl sub-encoding to TS1/0 on input line 354.
Package textcomp Info: Setting ccr sub-encoding to TS1/0 on input line 355.
Package textcomp Info: Setting ptm sub-encoding to TS1/4 on input line 356.
Package textcomp Info: Setting pcr sub-encoding to TS1/4 on input line 357.
Package textcomp Info: Setting phv sub-encoding to TS1/4 on input line 358.
Package textcomp Info: Setting ppl sub-encoding to TS1/3 on input line 359.
Package textcomp Info: Setting pag sub-encoding to TS1/4 on input line 360.
Package textcomp Info: Setting pbk sub-encoding to TS1/4 on input line 361.
Package textcomp Info: Setting pnc sub-encoding to TS1/4 on input line 362.
Package textcomp Info: Setting pzc sub-encoding to TS1/4 on input line 363.
Package textcomp Info: Setting bch sub-encoding to TS1/4 on input line 364.
Package textcomp Info: Setting put sub-encoding to TS1/5 on input line 365.
Package textcomp Info: Setting uag sub-encoding to TS1/5 on input line 366.
Package textcomp Info: Setting ugq sub-encoding to TS1/5 on input line 367.
Package textcomp Info: Setting ul8 sub-encoding to TS1/4 on input line 368.
Package textcomp Info: Setting ul9 sub-encoding to TS1/4 on input line 369.
Package textcomp Info: Setting augie sub-encoding to TS1/5 on input line 370.
Package textcomp Info: Setting dayrom sub-encoding to TS1/3 on input line 371.
Package textcomp Info: Setting dayroms sub-encoding to TS1/3 on input line 372.

Package textcomp Info: Setting pxr sub-encoding to TS1/0 on input line 373.
Package textcomp Info: Setting pxss sub-encoding to TS1/0 on input line 374.
Package textcomp Info: Setting pxtt sub-encoding to TS1/0 on input line 375.
Package textcomp Info: Setting txr sub-encoding to TS1/0 on input line 376.
Package textcomp Info: Setting txss sub-encoding to TS1/0 on input line 377.
Package textcomp Info: Setting txtt sub-encoding to TS1/0 on input line 378.
Package textcomp Info: Setting lmr sub-encoding to TS1/0 on input line 379.
Package textcomp Info: Setting lmdh sub-encoding to TS1/0 on input line 380.
Package textcomp Info: Setting lmss sub-encoding to TS1/0 on input line 381.
Package textcomp Info: Setting lmssq sub-encoding to TS1/0 on input line 382.
Package textcomp Info: Setting lmvtt sub-encoding to TS1/0 on input line 383.
Package textcomp Info: Setting lmtt sub-encoding to TS1/0 on input line 384.
Package textcomp Info: Setting qhv sub-encoding to TS1/0 on input line 385.
Package textcomp Info: Setting qag sub-encoding to TS1/0 on input line 386.
Package textcomp Info: Setting qbk sub-encoding to TS1/0 on input line 387.
Package textcomp Info: Setting qcr sub-encoding to TS1/0 on input line 388.
Package textcomp Info: Setting qcs sub-encoding to TS1/0 on input line 389.
Package textcomp Info: Setting qpl sub-encoding to TS1/0 on input line 390.
Package textcomp Info: Setting qtm sub-encoding to TS1/0 on input line 391.
Package textcomp Info: Setting qzc sub-encoding to TS1/0 on input line 392.
Package textcomp Info: Setting qhvc sub-encoding to TS1/0 on input line 393.
Package textcomp Info: Setting futs sub-encoding to TS1/4 on input line 394.
Package textcomp Info: Setting futx sub-encoding to TS1/4 on input line 395.
Package textcomp Info: Setting futj sub-encoding to TS1/4 on input line 396.
Package textcomp Info: Setting hlh sub-encoding to TS1/3 on input line 397.
Package textcomp Info: Setting hls sub-encoding to TS1/3 on input line 398.
Package textcomp Info: Setting hlst sub-encoding to TS1/3 on input line 399.
Package textcomp Info: Setting hlct sub-encoding to TS1/5 on input line 400.
Package textcomp Info: Setting hlx sub-encoding to TS1/5 on input line 401.
Package textcomp Info: Setting hlce sub-encoding to TS1/5 on input line 402.
Package textcomp Info: Setting hlcn sub-encoding to TS1/5 on input line 403.
Package textcomp Info: Setting hlcw sub-encoding to TS1/5 on input line 404.
Package textcomp Info: Setting hlcf sub-encoding to TS1/5 on input line 405.
Package textcomp Info: Setting pplx sub-encoding to TS1/3 on input line 406.
Package textcomp Info: Setting pplj sub-encoding to TS1/3 on input line 407.
Package textcomp Info: Setting ptmx sub-encoding to TS1/4 on input line 408.
Package textcomp Info: Setting ptmj sub-encoding to TS1/4 on input line 409.
)
("C:\Program Files\MiKTeX 2.9\tex\latex\xcolor\xcolor.sty"
Package: xcolor 2016/05/11 v2.12 LaTeX color extensions (UK)

("C:\Program Files\MiKTeX 2.9\tex\latex\graphics-cfg\color.cfg"
File: color.cfg 2016/01/02 v1.6 sample color configuration
)
Package xcolor Info: Driver file: pdftex.def on input line 225.
Package xcolor Info: Model `cmy' substituted by `cmy0' on input line 1348.
Package xcolor Info: Model `hsb' substituted by `rgb' on input line 1352.
Package xcolor Info: Model `RGB' extended on input line 1364.
Package xcolor Info: Model `HTML' substituted by `rgb' on input line 1366.
Package xcolor Info: Model `Hsb' substituted by `hsb' on input line 1367.
Package xcolor Info: Model `tHsb' substituted by `hsb' on input line 1368.
Package xcolor Info: Model `HSB' substituted by `hsb' on input line 1369.
Package xcolor Info: Model `Gray' substituted by `gray' on input line 1370.
Package xcolor Info: Model `wave' substituted by `hsb' on input line 1371.
)
("C:\Program Files\MiKTeX 2.9\tex\latex\listings\listings.sty"
\lst@mode=\count100
\lst@gtempboxa=\box28
\lst@token=\toks27
\lst@length=\count101
\lst@currlwidth=\dimen114
\lst@column=\count102
\lst@pos=\count103
\lst@lostspace=\dimen115
\lst@width=\dimen116
\lst@newlines=\count104
\lst@lineno=\count105
\lst@maxwidth=\dimen117

("C:\Program Files\MiKTeX 2.9\tex\latex\listings\lstmisc.sty"
File: lstmisc.sty 2015/06/04 1.6 (Carsten Heinz)
\c@lstnumber=\count106
\lst@skipnumbers=\count107
\lst@framebox=\box29
)
("C:\Program Files\MiKTeX 2.9\tex\latex\listings\listings.cfg"
File: listings.cfg 2015/06/04 1.6 listings configuration
))
Package: listings 2015/06/04 1.6 (Carsten Heinz)
\netBracketCount@mlpr=\count108
\blkLvl@mlpr=\count109
\blkLvlAtClassdef@mlpr=\count110
\emHeight@mlpr=\skip54
\jayDepth@mlpr=\skip55
\sectionRuleOffset@mlpr=\skip56
\toks@mlpr=\toks28
)
("C:\Program Files\MiKTeX 2.9\tex\latex\url\url.sty"
\Urlmuskip=\muskip11
Package: url 2013/09/16  ver 3.4  Verb mode for urls, etc.
)
("C:\Program Files\MiKTeX 2.9\tex\latex\asymptote\asymptote.sty"
Package: asymptote 2016/11/26 v1.33 Asymptote style file for LaTeX

(c:\GitStuff\mlcourse\Labs\./asytmp\4-Subgradients-Notes_sol.pre)
\ASYbox=\box30
\ASYdimen=\dimen118
\c@asy=\count111
\AsyStream=\write3
\AsyPreStream=\write4

("C:\Program Files\MiKTeX 2.9\tex\latex\base\ifthen.sty"
Package: ifthen 2014/09/29 v1.1c Standard LaTeX ifthen package (DPC)
)
("C:\Program Files\MiKTeX 2.9\tex\generic\oberdiek\ifpdf.sty"
Package: ifpdf 2016/05/14 v3.1 Provides the ifpdf switch
)
("C:\Program Files\MiKTeX 2.9\tex\generic\ifxetex\ifxetex.sty"
Package: ifxetex 2010/09/12 v0.6 Provides ifxetex conditional
)
("C:\Program Files\MiKTeX 2.9\tex\generic\oberdiek\catchfile.sty"
Package: catchfile 2016/05/16 v1.7 Catch the contents of a file (HO)

("C:\Program Files\MiKTeX 2.9\tex\generic\oberdiek\etexcmds.sty"
Package: etexcmds 2016/05/16 v1.6 Avoid name clashes with e-TeX commands (HO)

("C:\Program Files\MiKTeX 2.9\tex\generic\oberdiek\ifluatex.sty"
Package: ifluatex 2016/05/16 v1.4 Provides the ifluatex switch (HO)
Package ifluatex Info: LuaTeX not detected.
)
Package etexcmds Info: Could not find \expanded.
(etexcmds)             That can mean that you are not using pdfTeX 1.50 or
(etexcmds)             that some package has redefined \expanded.
(etexcmds)             In the latter case, load this package earlier.
))
\openout4 = `4-Subgradients-Notes_sol.pre'.

)
("C:\Program Files\MiKTeX 2.9\tex\latex\comment\comment.sty"
\CommentStream=\write5

Excluding comment 'comment')
("C:\Program Files\MiKTeX 2.9\tex\latex\float\float.sty"
Package: float 2001/11/08 v1.3d Float enhancements (AL)
\c@float@type=\count112
\float@exts=\toks29
\float@box=\box31
\@float@everytoks=\toks30
\@floatcapt=\box32
)
Excluding comment 'solution') (Theorems.ltx
\c@thm=\count113
)
(c:\GitStuff\mlcourse\Labs\./asytmp\4-Subgradients-Notes_sol.aux)
\openout1 = `4-Subgradients-Notes_sol.aux'.

LaTeX Font Info:    Checking defaults for OML/cmm/m/it on input line 5.
LaTeX Font Info:    ... okay on input line 5.
LaTeX Font Info:    Checking defaults for T1/cmr/m/n on input line 5.
LaTeX Font Info:    ... okay on input line 5.
LaTeX Font Info:    Checking defaults for OT1/cmr/m/n on input line 5.
LaTeX Font Info:    ... okay on input line 5.
LaTeX Font Info:    Checking defaults for OMS/cmsy/m/n on input line 5.
LaTeX Font Info:    ... okay on input line 5.
LaTeX Font Info:    Checking defaults for OMX/cmex/m/n on input line 5.
LaTeX Font Info:    ... okay on input line 5.
LaTeX Font Info:    Checking defaults for U/cmr/m/n on input line 5.
LaTeX Font Info:    ... okay on input line 5.
LaTeX Font Info:    Checking defaults for TS1/cmr/m/n on input line 5.
LaTeX Font Info:    Try loading font information for TS1+cmr on input line 5.

("C:\Program Files\MiKTeX 2.9\tex\latex\base\ts1cmr.fd"
File: ts1cmr.fd 2014/09/29 v2.5h Standard LaTeX font definitions
)
LaTeX Font Info:    ... okay on input line 5.

("C:\Program Files\MiKTeX 2.9\tex\context\base\supp-pdf.mkii"
[Loading MPS to PDF converter (version 2006.09.02).]
\scratchcounter=\count114
\scratchdimen=\dimen119
\scratchbox=\box33
\nofMPsegments=\count115
\nofMParguments=\count116
\everyMPshowfont=\toks31
\MPscratchCnt=\count117
\MPscratchDim=\dimen120
\MPnumerator=\count118
\makeMPintoPDFobject=\count119
\everyMPtoPDFconversion=\toks32
) ("C:\Program Files\MiKTeX 2.9\tex\generic\oberdiek\pdftexcmds.sty"
Package: pdftexcmds 2016/05/21 v0.22 Utility functions of pdfTeX for LuaTeX (HO
)
Package pdftexcmds Info: LuaTeX not detected.
Package pdftexcmds Info: \pdf@primitive is available.
Package pdftexcmds Info: \pdf@ifprimitive is available.
Package pdftexcmds Info: \pdfdraftmode found.
)
("C:\Program Files\MiKTeX 2.9\tex\latex\oberdiek\epstopdf-base.sty"
Package: epstopdf-base 2016/05/15 v2.6 Base part for package epstopdf

("C:\Program Files\MiKTeX 2.9\tex\latex\oberdiek\grfext.sty"
Package: grfext 2016/05/16 v1.2 Manage graphics extensions (HO)

("C:\Program Files\MiKTeX 2.9\tex\generic\oberdiek\kvdefinekeys.sty"
Package: kvdefinekeys 2016/05/16 v1.4 Define keys (HO)
))
("C:\Program Files\MiKTeX 2.9\tex\latex\oberdiek\kvoptions.sty"
Package: kvoptions 2016/05/16 v3.12 Key value format for package options (HO)

("C:\Program Files\MiKTeX 2.9\tex\generic\oberdiek\kvsetkeys.sty"
Package: kvsetkeys 2016/05/16 v1.17 Key value parser (HO)
))
Package epstopdf-base Info: Redefining graphics rule for `.eps' on input line 4
38.
Package grfext Info: Graphics extension search list:
(grfext)             [.png,.pdf,.jpg,.mps,.jpeg,.jbig2,.jb2,.PNG,.PDF,.JPG,.JPE
G,.JBIG2,.JB2,.eps]
(grfext)             \AppendGraphicsExtensions on input line 456.
)
\c@lstlisting=\count120

(VarFill.ltx
LaTeX Font Info:    Try loading font information for U+msa on input line 5.
 ("C:\Program Files\MiKTeX 2.9\tex\latex\amsfonts\umsa.fd"
File: umsa.fd 2013/01/14 v3.01 AMS symbols A
)
LaTeX Font Info:    Try loading font information for U+msb on input line 5.

("C:\Program Files\MiKTeX 2.9\tex\latex\amsfonts\umsb.fd"
File: umsb.fd 2013/01/14 v3.01 AMS symbols B
)
LaTeX Font Info:    Try loading font information for U+rsfs on input line 5.

("C:\Program Files\MiKTeX 2.9\tex\latex\jknappen\ursfs.fd"
File: ursfs.fd 1998/03/24 rsfs font definition file (jk)
)
Excluding 'solution' comment.
\openout3 = `4-Subgradients-Notes_sol-1.asy'.

 (4-Subgradients/Convex.asy)
<"4-Subgradients-Notes_sol-1".pdf, id=1, 227.62239pt x 175.16441pt>
File: "4-Subgradients-Notes_sol-1".pdf Graphic file (type pdf)

<use "4-Subgradients-Notes_sol-1".pdf>
Package pdftex.def Info: "4-Subgradients-Notes_sol-1".pdf used on input line 22
.
(pdftex.def)             Requested size: 227.62183pt x 175.16397pt.
\openout3 = `4-Subgradients-Notes_sol-2.asy'.

 (4-Subgradients/TwoPits.asy)
<"4-Subgradients-Notes_sol-2".pdf, id=2, 346.29375pt x 109.38867pt>
File: "4-Subgradients-Notes_sol-2".pdf Graphic file (type pdf)

<use "4-Subgradients-Notes_sol-2".pdf>
Package pdftex.def Info: "4-Subgradients-Notes_sol-2".pdf used on input line 31
.
(pdftex.def)             Requested size: 346.2929pt x 109.38838pt.
 [1

{C:/ProgramData/MiKTeX/2.9/pdftex/config/pdftex.map} <c:/GitStuff/mlcourse/Labs
/./asytmp/4-Subgradients-Notes_sol-1.pdf>]
\openout3 = `4-Subgradients-Notes_sol-3.asy'.

 (4-Subgradients/TwoPitsC.asy)
<"4-Subgradients-Notes_sol-3".pdf, id=25, 341.4326pt x 252.14903pt>
File: "4-Subgradients-Notes_sol-3".pdf Graphic file (type pdf)

<use "4-Subgradients-Notes_sol-3".pdf>
Package pdftex.def Info: "4-Subgradients-Notes_sol-3".pdf used on input line 34
.
(pdftex.def)             Requested size: 341.43176pt x 252.1484pt.
\openout3 = `4-Subgradients-Notes_sol-4.asy'.

 (4-Subgradients/OnePit.asy)
<"4-Subgradients-Notes_sol-4".pdf, id=26, 191.69617pt x 346.29375pt>
File: "4-Subgradients-Notes_sol-4".pdf Graphic file (type pdf)

<use "4-Subgradients-Notes_sol-4".pdf>
Package pdftex.def Info: "4-Subgradients-Notes_sol-4".pdf used on input line 48
.
(pdftex.def)             Requested size: 191.6957pt x 346.2929pt.
 [2 <c:/GitStuff/mlcourse/Labs/./asytmp/4-Subgradients-Notes_sol-2.pdf> <c:/Git
Stuff/mlcourse/Labs/./asytmp/4-Subgradients-Notes_sol-3.pdf>]
\openout3 = `4-Subgradients-Notes_sol-5.asy'.

 (4-Subgradients/OnePitC.asy)
<"4-Subgradients-Notes_sol-5".pdf, id=51, 341.4326pt x 341.4326pt>
File: "4-Subgradients-Notes_sol-5".pdf Graphic file (type pdf)

<use "4-Subgradients-Notes_sol-5".pdf>
Package pdftex.def Info: "4-Subgradients-Notes_sol-5".pdf used on input line 51
.
(pdftex.def)             Requested size: 341.43176pt x 341.43176pt.
 [3 <c:/GitStuff/mlcourse/Labs/./asytmp/4-Subgradients-Notes_sol-4.pdf>]
\openout3 = `4-Subgradients-Notes_sol-6.asy'.

 (4-Subgradients/Intersect.asy)
<"4-Subgradients-Notes_sol-6".pdf, id=58, 227.62239pt x 175.38824pt>
File: "4-Subgradients-Notes_sol-6".pdf Graphic file (type pdf)

<use "4-Subgradients-Notes_sol-6".pdf>
Package pdftex.def Info: "4-Subgradients-Notes_sol-6".pdf used on input line 56
.
(pdftex.def)             Requested size: 227.62183pt x 175.3878pt.
\openout3 = `4-Subgradients-Notes_sol-7.asy'.

 (4-Subgradients/OnePitSets.asy)
<"4-Subgradients-Notes_sol-7".pdf, id=59, 341.4326pt x 341.4326pt>
File: "4-Subgradients-Notes_sol-7".pdf Graphic file (type pdf)

<use "4-Subgradients-Notes_sol-7".pdf>
Package pdftex.def Info: "4-Subgradients-Notes_sol-7".pdf used on input line 65
.
(pdftex.def)             Requested size: 341.43176pt x 341.43176pt.
 [4 <c:/GitStuff/mlcourse/Labs/./asytmp/4-Subgradients-Notes_sol-5.pdf> <c:/Git
Stuff/mlcourse/Labs/./asytmp/4-Subgradients-Notes_sol-6.pdf>]
\openout3 = `4-Subgradients-Notes_sol-8.asy'.

 (4-Subgradients/DualityBox.asy)
<"4-Subgradients-Notes_sol-8".pdf, id=88, 341.4326pt x 60.0915pt>
File: "4-Subgradients-Notes_sol-8".pdf Graphic file (type pdf)

<use "4-Subgradients-Notes_sol-8".pdf>
Package pdftex.def Info: "4-Subgradients-Notes_sol-8".pdf used on input line 87
.
(pdftex.def)             Requested size: 341.43176pt x 60.09134pt.
\openout3 = `4-Subgradients-Notes_sol-9.asy'.

 (4-Subgradients/DualityPlot.asy)
<"4-Subgradients-Notes_sol-9".pdf, id=89, 341.21677pt x 153.05281pt>
File: "4-Subgradients-Notes_sol-9".pdf Graphic file (type pdf)

<use "4-Subgradients-Notes_sol-9".pdf>
Package pdftex.def Info: "4-Subgradients-Notes_sol-9".pdf used on input line 90
.
(pdftex.def)             Requested size: 341.21591pt x 153.05243pt.
 [5 <c:/GitStuff/mlcourse/Labs/./asytmp/4-Subgradients-Notes_sol-7.pdf> <c:/Git
Stuff/mlcourse/Labs/./asytmp/4-Subgradients-Notes_sol-8.pdf>]
\openout3 = `4-Subgradients-Notes_sol-10.asy'.

 (4-Subgradients/SDualityPlot.asy)
<"4-Subgradients-Notes_sol-10".pdf, id=133, 340.86949pt x 131.04558pt>
File: "4-Subgradients-Notes_sol-10".pdf Graphic file (type pdf)

<use "4-Subgradients-Notes_sol-10".pdf>
Package pdftex.def Info: "4-Subgradients-Notes_sol-10".pdf used on input line 9
3.
(pdftex.def)             Requested size: 340.86864pt x 131.04524pt.
\openout3 = `4-Subgradients-Notes_sol-11.asy'.

 (4-Subgradients/GlobalUnd.asy)
<"4-Subgradients-Notes_sol-11".pdf, id=134, 339.86574pt x 163.99167pt>
File: "4-Subgradients-Notes_sol-11".pdf Graphic file (type pdf)

<use "4-Subgradients-Notes_sol-11".pdf>
Package pdftex.def Info: "4-Subgradients-Notes_sol-11".pdf used on input line 1
10.
(pdftex.def)             Requested size: 339.8649pt x 163.99126pt.
 [6 <c:/GitStuff/mlcourse/Labs/./asytmp/4-Subgradients-Notes_sol-9.pdf> <c:/Git
Stuff/mlcourse/Labs/./asytmp/4-Subgradients-Notes_sol-10.pdf>]
\openout3 = `4-Subgradients-Notes_sol-12.asy'.

 (4-Subgradients/Subgrad.asy)
<"4-Subgradients-Notes_sol-12".pdf, id=174, 341.4326pt x 329.59036pt>
File: "4-Subgradients-Notes_sol-12".pdf Graphic file (type pdf)

<use "4-Subgradients-Notes_sol-12".pdf>
Package pdftex.def Info: "4-Subgradients-Notes_sol-12".pdf used on input line 1
25.
(pdftex.def)             Requested size: 341.43176pt x 329.58955pt.
 [7 <c:/GitStuff/mlcourse/Labs/./asytmp/4-Subgradients-Notes_sol-11.pdf>]
\openout3 = `4-Subgradients-Notes_sol-13.asy'.

 (4-Subgradients/AbsVal.asy)
<"4-Subgradients-Notes_sol-13".pdf, id=198, 341.4326pt x 257.57028pt>
File: "4-Subgradients-Notes_sol-13".pdf Graphic file (type pdf)

<use "4-Subgradients-Notes_sol-13".pdf>
Package pdftex.def Info: "4-Subgradients-Notes_sol-13".pdf used on input line 1
43.
(pdftex.def)             Requested size: 341.43176pt x 257.56964pt.
 [8 <c:/GitStuff/mlcourse/Labs/./asytmp/4-Subgradients-Notes_sol-12.pdf>]
\openout3 = `4-Subgradients-Notes_sol-14.asy'.

 (4-Subgradients/Subgrad3d1.asy)
<"4-Subgradients-Notes_sol-14".pdf, id=212, 428.60126pt x 412.52118pt>
File: "4-Subgradients-Notes_sol-14".pdf Graphic file (type pdf)

<use "4-Subgradients-Notes_sol-14".pdf>
Package pdftex.def Info: "4-Subgradients-Notes_sol-14".pdf used on input line 1
54.
(pdftex.def)             Requested size: 428.6002pt x 412.52017pt.
 [9 <c:/GitStuff/mlcourse/Labs/./asytmp/4-Subgradients-Notes_sol-13.pdf>]
\openout3 = `4-Subgradients-Notes_sol-15.asy'.

 (4-Subgradients/Subgrad3dH.asy)
<"4-Subgradients-Notes_sol-15".pdf, id=229, 348.28119pt x 428.60126pt>
File: "4-Subgradients-Notes_sol-15".pdf Graphic file (type pdf)

<use "4-Subgradients-Notes_sol-15".pdf>
Package pdftex.def Info: "4-Subgradients-Notes_sol-15".pdf used on input line 1
57.
(pdftex.def)             Requested size: 348.28033pt x 428.6002pt.
 [10 <c:/GitStuff/mlcourse/Labs/./asytmp/4-Subgradients-Notes_sol-14.pdf>]
\openout3 = `4-Subgradients-Notes_sol-16.asy'.

 (4-Subgradients/Subgrad3dC.asy)
<"4-Subgradients-Notes_sol-16".pdf, id=236, 426.78345pt x 354.51645pt>
File: "4-Subgradients-Notes_sol-16".pdf Graphic file (type pdf)

<use "4-Subgradients-Notes_sol-16".pdf>
Package pdftex.def Info: "4-Subgradients-Notes_sol-16".pdf used on input line 1
60.
(pdftex.def)             Requested size: 426.78241pt x 354.51558pt.
 [11 <c:/GitStuff/mlcourse/Labs/./asytmp/4-Subgradients-Notes_sol-15.pdf>]
\openout3 = `4-Subgradients-Notes_sol-17.asy'.

 (4-Subgradients/TwoPitsCG.asy)
<"4-Subgradients-Notes_sol-17".pdf, id=243, 341.4326pt x 276.02423pt>
File: "4-Subgradients-Notes_sol-17".pdf Graphic file (type pdf)

<use "4-Subgradients-Notes_sol-17".pdf>
Package pdftex.def Info: "4-Subgradients-Notes_sol-17".pdf used on input line 1
82.
(pdftex.def)             Requested size: 341.43176pt x 276.02356pt.
 [12 <c:/GitStuff/mlcourse/Labs/./asytmp/4-Subgradients-Notes_sol-16.pdf>]
\openout3 = `4-Subgradients-Notes_sol-18.asy'.

 (4-Subgradients/SubgradShade.asy)
<"4-Subgradients-Notes_sol-18".pdf, id=268, 426.78447pt x 320.21332pt>
File: "4-Subgradients-Notes_sol-18".pdf Graphic file (type pdf)

<use "4-Subgradients-Notes_sol-18".pdf>
Package pdftex.def Info: "4-Subgradients-Notes_sol-18".pdf used on input line 1
92.
(pdftex.def)             Requested size: 426.78342pt x 320.21252pt.
 [13 <c:/GitStuff/mlcourse/Labs/./asytmp/4-Subgradients-Notes_sol-17.pdf>] [14 
<c:/GitStuff/mlcourse/Labs/./asytmp/4-Subgradients-Notes_sol-18.pdf>]) [15]
(c:\GitStuff\mlcourse\Labs\./asytmp\4-Subgradients-Notes_sol.aux) ) 
Here is how much of TeX's memory you used:
 5526 strings out of 493333
 77097 string characters out of 3139163
 138968 words of memory out of 3000000
 8837 multiletter control sequences out of 15000+200000
 12154 words of font info for 47 fonts, out of 3000000 for 9000
 1141 hyphenation exceptions out of 8191
 35i,11n,37p,277b,252s stack positions out of 5000i,500n,10000p,200000b,50000s
<C:/Program 
Files/MiKTeX 2.9/fonts/type1/public/amsfonts/cm/cmbx12.pfb><C:/Program Files/Mi
KTeX 2.9/fonts/type1/public/amsfonts/cm/cmex10.pfb><C:/Program Files/MiKTeX 2.9
/fonts/type1/public/amsfonts/cm/cmmi10.pfb><C:/Program Files/MiKTeX 2.9/fonts/t
ype1/public/amsfonts/cm/cmmi12.pfb><C:/Program Files/MiKTeX 2.9/fonts/type1/pub
lic/amsfonts/cm/cmmi7.pfb><C:/Program Files/MiKTeX 2.9/fonts/type1/public/amsfo
nts/cm/cmmi8.pfb><C:/Program Files/MiKTeX 2.9/fonts/type1/public/amsfonts/cm/cm
r10.pfb><C:/Program Files/MiKTeX 2.9/fonts/type1/public/amsfonts/cm/cmr12.pfb><
C:/Program Files/MiKTeX 2.9/fonts/type1/public/amsfonts/cm/cmr17.pfb><C:/Progra
m Files/MiKTeX 2.9/fonts/type1/public/amsfonts/cm/cmr7.pfb><C:/Program Files/Mi
KTeX 2.9/fonts/type1/public/amsfonts/cm/cmr8.pfb><C:/Program Files/MiKTeX 2.9/f
onts/type1/public/amsfonts/cm/cmsy10.pfb><C:/Program Files/MiKTeX 2.9/fonts/typ
e1/public/amsfonts/cm/cmsy7.pfb><C:/Program Files/MiKTeX 2.9/fonts/type1/public
/amsfonts/cm/cmsy8.pfb><C:/Program Files/MiKTeX 2.9/fonts/type1/public/amsfonts
/cm/cmti12.pfb><C:/Program Files/MiKTeX 2.9/fonts/type1/public/amsfonts/cm/cmti
8.pfb><C:/Program Files/MiKTeX 2.9/fonts/type1/public/amsfonts/symbols/msbm10.p
fb>
Output written on 4-Subgradients-Notes_sol.pdf (15 pages, 1547246 bytes).
PDF statistics:
 357 PDF objects out of 1000 (max. 8388607)
 0 named destinations out of 1000 (max. 500000)
 91 words of extra memory for PDF output out of 10000 (max. 10000000)

